
========================[ Oct 10, 2013 11:21 AM ]========================
Version 2.2.26 [Sep-21-2011]
Started database file "sclblast"
Formatted 9802 sequences in volume 0
SUCCESS: formatted database sclblast

========================[ Oct 10, 2013 11:33 AM ]========================
Version 2.2.26 [Sep-21-2011]
Started database file "sclblast"
Formatted 9802 sequences in volume 0
SUCCESS: formatted database sclblast

========================[ Oct 10, 2013 11:34 AM ]========================
Version 2.2.26 [Sep-21-2011]
Started database file "sclblast"
Formatted 9802 sequences in volume 0
SUCCESS: formatted database sclblast

========================[ Oct 10, 2013 11:51 AM ]========================
Version 2.2.26 [Sep-21-2011]
Started database file "sclblast"
Formatted 9802 sequences in volume 0
SUCCESS: formatted database sclblast

========================[ Oct 10, 2013 12:02 PM ]========================
Version 2.2.26 [Sep-21-2011]
Started database file "sclblast"
Formatted 9802 sequences in volume 0
SUCCESS: formatted database sclblast

========================[ Oct 10, 2013 12:03 PM ]========================
Version 2.2.26 [Sep-21-2011]
Started database file "sclblast"
Formatted 9802 sequences in volume 0
SUCCESS: formatted database sclblast
