This file contains any messages produced by compilers while
running configure, to aid debugging if configure makes a mistake.

It was created by libpsortb configure 1.0, which was
generated by GNU Autoconf 2.69.  Invocation command line was

  $ ./configure --no-create --no-recursion

## --------- ##
## Platform. ##
## --------- ##

hostname = cmgfunc-VirtualBox
uname -m = i686
uname -r = 3.8.0-31-generic
uname -s = Linux
uname -v = #46-Ubuntu SMP Tue Sep 10 19:56:49 UTC 2013

/usr/bin/uname -p = unknown
/bin/uname -X     = unknown

/bin/arch              = unknown
/usr/bin/arch -k       = unknown
/usr/convex/getsysinfo = unknown
/usr/bin/hostinfo      = unknown
/bin/machine           = unknown
/usr/bin/oslevel       = unknown
/bin/universe          = unknown

PATH: /usr/lib/lightdm/lightdm
PATH: /usr/local/sbin
PATH: /usr/local/bin
PATH: /usr/sbin
PATH: /usr/bin
PATH: /sbin
PATH: /bin
PATH: /usr/games
PATH: /usr/local/games


## ----------- ##
## Core tests. ##
## ----------- ##

configure:2649: checking for a BSD-compatible install
configure:2717: result: /usr/bin/install -c
configure:2728: checking whether build environment is sane
configure:2765: result: yes
configure:2827: checking for gawk
configure:2857: result: no
configure:2827: checking for mawk
configure:2843: found /usr/bin/mawk
configure:2854: result: mawk
configure:2865: checking whether make sets $(MAKE)
configure:2887: result: yes
configure:3125: checking for g++
configure:3141: found /usr/bin/g++
configure:3152: result: g++
configure:3179: checking for C++ compiler version
configure:3188: g++ --version >&5
g++ (Ubuntu/Linaro 4.7.3-1ubuntu1) 4.7.3
Copyright (C) 2012 Free Software Foundation, Inc.
This is free software; see the source for copying conditions.  There is NO
warranty; not even for MERCHANTABILITY or FITNESS FOR A PARTICULAR PURPOSE.

configure:3199: $? = 0
configure:3188: g++ -v >&5
Using built-in specs.
COLLECT_GCC=g++
COLLECT_LTO_WRAPPER=/usr/lib/gcc/i686-linux-gnu/4.7/lto-wrapper
Target: i686-linux-gnu
Configured with: ../src/configure -v --with-pkgversion='Ubuntu/Linaro 4.7.3-1ubuntu1' --with-bugurl=file:///usr/share/doc/gcc-4.7/README.Bugs --enable-languages=c,c++,go,fortran,objc,obj-c++ --prefix=/usr --program-suffix=-4.7 --enable-shared --enable-linker-build-id --libexecdir=/usr/lib --without-included-gettext --enable-threads=posix --with-gxx-include-dir=/usr/include/c++/4.7 --libdir=/usr/lib --enable-nls --with-sysroot=/ --enable-clocale=gnu --enable-libstdcxx-debug --enable-libstdcxx-time=yes --enable-gnu-unique-object --enable-plugin --with-system-zlib --enable-objc-gc --enable-targets=all --with-cloog --enable-cloog-backend=ppl --disable-cloog-version-check --disable-ppl-version-check --enable-multiarch --disable-werror --with-arch-32=i686 --with-multilib-list=m32,m64,mx32 --with-tune=generic --enable-checking=release --build=i686-linux-gnu --host=i686-linux-gnu --target=i686-linux-gnu
Thread model: posix
gcc version 4.7.3 (Ubuntu/Linaro 4.7.3-1ubuntu1) 
configure:3199: $? = 0
configure:3188: g++ -V >&5
g++: error: unrecognized command line option '-V'
g++: fatal error: no input files
compilation terminated.
configure:3199: $? = 4
configure:3188: g++ -qversion >&5
g++: error: unrecognized command line option '-qversion'
g++: fatal error: no input files
compilation terminated.
configure:3199: $? = 4
configure:3219: checking whether the C++ compiler works
configure:3241: g++    conftest.cpp  >&5
configure:3245: $? = 0
configure:3293: result: yes
configure:3296: checking for C++ compiler default output file name
configure:3298: result: a.out
configure:3304: checking for suffix of executables
configure:3311: g++ -o conftest    conftest.cpp  >&5
configure:3315: $? = 0
configure:3337: result: 
configure:3359: checking whether we are cross compiling
configure:3367: g++ -o conftest    conftest.cpp  >&5
configure:3371: $? = 0
configure:3378: ./conftest
configure:3382: $? = 0
configure:3397: result: no
configure:3402: checking for suffix of object files
configure:3424: g++ -c   conftest.cpp >&5
configure:3428: $? = 0
configure:3449: result: o
configure:3453: checking whether we are using the GNU C++ compiler
configure:3472: g++ -c   conftest.cpp >&5
configure:3472: $? = 0
configure:3481: result: yes
configure:3490: checking whether g++ accepts -g
configure:3510: g++ -c -g  conftest.cpp >&5
configure:3510: $? = 0
configure:3551: result: yes
configure:3585: checking for style of include used by make
configure:3613: result: GNU
configure:3641: checking dependency style of g++
configure:3731: result: gcc3
configure:3796: checking for gcc
configure:3812: found /usr/bin/gcc
configure:3823: result: gcc
configure:4052: checking for C compiler version
configure:4061: gcc --version >&5
gcc (Ubuntu/Linaro 4.7.3-1ubuntu1) 4.7.3
Copyright (C) 2012 Free Software Foundation, Inc.
This is free software; see the source for copying conditions.  There is NO
warranty; not even for MERCHANTABILITY or FITNESS FOR A PARTICULAR PURPOSE.

configure:4072: $? = 0
configure:4061: gcc -v >&5
Using built-in specs.
COLLECT_GCC=gcc
COLLECT_LTO_WRAPPER=/usr/lib/gcc/i686-linux-gnu/4.7/lto-wrapper
Target: i686-linux-gnu
Configured with: ../src/configure -v --with-pkgversion='Ubuntu/Linaro 4.7.3-1ubuntu1' --with-bugurl=file:///usr/share/doc/gcc-4.7/README.Bugs --enable-languages=c,c++,go,fortran,objc,obj-c++ --prefix=/usr --program-suffix=-4.7 --enable-shared --enable-linker-build-id --libexecdir=/usr/lib --without-included-gettext --enable-threads=posix --with-gxx-include-dir=/usr/include/c++/4.7 --libdir=/usr/lib --enable-nls --with-sysroot=/ --enable-clocale=gnu --enable-libstdcxx-debug --enable-libstdcxx-time=yes --enable-gnu-unique-object --enable-plugin --with-system-zlib --enable-objc-gc --enable-targets=all --with-cloog --enable-cloog-backend=ppl --disable-cloog-version-check --disable-ppl-version-check --enable-multiarch --disable-werror --with-arch-32=i686 --with-multilib-list=m32,m64,mx32 --with-tune=generic --enable-checking=release --build=i686-linux-gnu --host=i686-linux-gnu --target=i686-linux-gnu
Thread model: posix
gcc version 4.7.3 (Ubuntu/Linaro 4.7.3-1ubuntu1) 
configure:4072: $? = 0
configure:4061: gcc -V >&5
gcc: error: unrecognized command line option '-V'
gcc: fatal error: no input files
compilation terminated.
configure:4072: $? = 4
configure:4061: gcc -qversion >&5
gcc: error: unrecognized command line option '-qversion'
gcc: fatal error: no input files
compilation terminated.
configure:4072: $? = 4
configure:4076: checking whether we are using the GNU C compiler
configure:4095: gcc -c   conftest.c >&5
configure:4095: $? = 0
configure:4104: result: yes
configure:4113: checking whether gcc accepts -g
configure:4133: gcc -c -g  conftest.c >&5
configure:4133: $? = 0
configure:4174: result: yes
configure:4191: checking for gcc option to accept ISO C89
configure:4254: gcc  -c -g -O2  conftest.c >&5
configure:4254: $? = 0
configure:4267: result: none needed
configure:4289: checking dependency style of gcc
configure:4379: result: gcc3
configure:4401: checking how to run the C preprocessor
configure:4432: gcc -E  conftest.c
configure:4432: $? = 0
configure:4446: gcc -E  conftest.c
conftest.c:11:28: fatal error: ac_nonexistent.h: No such file or directory
compilation terminated.
configure:4446: $? = 1
configure: failed program was:
| /* confdefs.h */
| #define PACKAGE_NAME "libpsortb"
| #define PACKAGE_TARNAME "libpsortb"
| #define PACKAGE_VERSION "1.0"
| #define PACKAGE_STRING "libpsortb 1.0"
| #define PACKAGE_BUGREPORT "lairdm@sfu.ca"
| #define PACKAGE_URL ""
| #define PACKAGE "libpsortb"
| #define VERSION "1.0"
| /* end confdefs.h.  */
| #include <ac_nonexistent.h>
configure:4471: result: gcc -E
configure:4491: gcc -E  conftest.c
configure:4491: $? = 0
configure:4505: gcc -E  conftest.c
conftest.c:11:28: fatal error: ac_nonexistent.h: No such file or directory
compilation terminated.
configure:4505: $? = 1
configure: failed program was:
| /* confdefs.h */
| #define PACKAGE_NAME "libpsortb"
| #define PACKAGE_TARNAME "libpsortb"
| #define PACKAGE_VERSION "1.0"
| #define PACKAGE_STRING "libpsortb 1.0"
| #define PACKAGE_BUGREPORT "lairdm@sfu.ca"
| #define PACKAGE_URL ""
| #define PACKAGE "libpsortb"
| #define VERSION "1.0"
| /* end confdefs.h.  */
| #include <ac_nonexistent.h>
configure:4534: checking whether ln -s works
configure:4538: result: yes
configure:4545: checking whether make sets $(MAKE)
configure:4567: result: yes
configure:4652: checking build system type
configure:4666: result: i686-pc-linux-gnu
configure:4686: checking host system type
configure:4699: result: i686-pc-linux-gnu
configure:4719: checking for a sed that does not truncate output
configure:4773: result: /bin/sed
configure:4776: checking for grep that handles long lines and -e
configure:4834: result: /bin/grep
configure:4839: checking for egrep
configure:4901: result: /bin/grep -E
configure:4917: checking for ld used by gcc
configure:4984: result: /usr/bin/ld
configure:4991: checking if the linker (/usr/bin/ld) is GNU ld
configure:5006: result: yes
configure:5011: checking for /usr/bin/ld option to reload object files
configure:5018: result: -r
configure:5036: checking for BSD-compatible nm
configure:5085: result: /usr/bin/nm -B
configure:5089: checking how to recognise dependent libraries
configure:5265: result: pass_all
configure:5470: checking for ANSI C header files
configure:5490: gcc -c -g -O2  conftest.c >&5
configure:5490: $? = 0
configure:5563: gcc -o conftest -g -O2   conftest.c  >&5
configure:5563: $? = 0
configure:5563: ./conftest
configure:5563: $? = 0
configure:5574: result: yes
configure:5587: checking for sys/types.h
configure:5587: gcc -c -g -O2  conftest.c >&5
configure:5587: $? = 0
configure:5587: result: yes
configure:5587: checking for sys/stat.h
configure:5587: gcc -c -g -O2  conftest.c >&5
configure:5587: $? = 0
configure:5587: result: yes
configure:5587: checking for stdlib.h
configure:5587: gcc -c -g -O2  conftest.c >&5
configure:5587: $? = 0
configure:5587: result: yes
configure:5587: checking for string.h
configure:5587: gcc -c -g -O2  conftest.c >&5
configure:5587: $? = 0
configure:5587: result: yes
configure:5587: checking for memory.h
configure:5587: gcc -c -g -O2  conftest.c >&5
configure:5587: $? = 0
configure:5587: result: yes
configure:5587: checking for strings.h
configure:5587: gcc -c -g -O2  conftest.c >&5
configure:5587: $? = 0
configure:5587: result: yes
configure:5587: checking for inttypes.h
configure:5587: gcc -c -g -O2  conftest.c >&5
configure:5587: $? = 0
configure:5587: result: yes
configure:5587: checking for stdint.h
configure:5587: gcc -c -g -O2  conftest.c >&5
configure:5587: $? = 0
configure:5587: result: yes
configure:5587: checking for unistd.h
configure:5587: gcc -c -g -O2  conftest.c >&5
configure:5587: $? = 0
configure:5587: result: yes
configure:5601: checking dlfcn.h usability
configure:5601: gcc -c -g -O2  conftest.c >&5
configure:5601: $? = 0
configure:5601: result: yes
configure:5601: checking dlfcn.h presence
configure:5601: gcc -E  conftest.c
configure:5601: $? = 0
configure:5601: result: yes
configure:5601: checking for dlfcn.h
configure:5601: result: yes
configure:5621: checking how to run the C++ preprocessor
configure:5648: g++ -E  conftest.cpp
configure:5648: $? = 0
configure:5662: g++ -E  conftest.cpp
conftest.cpp:22:28: fatal error: ac_nonexistent.h: No such file or directory
compilation terminated.
configure:5662: $? = 1
configure: failed program was:
| /* confdefs.h */
| #define PACKAGE_NAME "libpsortb"
| #define PACKAGE_TARNAME "libpsortb"
| #define PACKAGE_VERSION "1.0"
| #define PACKAGE_STRING "libpsortb 1.0"
| #define PACKAGE_BUGREPORT "lairdm@sfu.ca"
| #define PACKAGE_URL ""
| #define PACKAGE "libpsortb"
| #define VERSION "1.0"
| #define STDC_HEADERS 1
| #define HAVE_SYS_TYPES_H 1
| #define HAVE_SYS_STAT_H 1
| #define HAVE_STDLIB_H 1
| #define HAVE_STRING_H 1
| #define HAVE_MEMORY_H 1
| #define HAVE_STRINGS_H 1
| #define HAVE_INTTYPES_H 1
| #define HAVE_STDINT_H 1
| #define HAVE_UNISTD_H 1
| #define HAVE_DLFCN_H 1
| /* end confdefs.h.  */
| #include <ac_nonexistent.h>
configure:5687: result: g++ -E
configure:5707: g++ -E  conftest.cpp
configure:5707: $? = 0
configure:5721: g++ -E  conftest.cpp
conftest.cpp:22:28: fatal error: ac_nonexistent.h: No such file or directory
compilation terminated.
configure:5721: $? = 1
configure: failed program was:
| /* confdefs.h */
| #define PACKAGE_NAME "libpsortb"
| #define PACKAGE_TARNAME "libpsortb"
| #define PACKAGE_VERSION "1.0"
| #define PACKAGE_STRING "libpsortb 1.0"
| #define PACKAGE_BUGREPORT "lairdm@sfu.ca"
| #define PACKAGE_URL ""
| #define PACKAGE "libpsortb"
| #define VERSION "1.0"
| #define STDC_HEADERS 1
| #define HAVE_SYS_TYPES_H 1
| #define HAVE_SYS_STAT_H 1
| #define HAVE_STDLIB_H 1
| #define HAVE_STRING_H 1
| #define HAVE_MEMORY_H 1
| #define HAVE_STRINGS_H 1
| #define HAVE_INTTYPES_H 1
| #define HAVE_STDINT_H 1
| #define HAVE_UNISTD_H 1
| #define HAVE_DLFCN_H 1
| /* end confdefs.h.  */
| #include <ac_nonexistent.h>
configure:5805: checking for g77
configure:5835: result: no
configure:5805: checking for xlf
configure:5835: result: no
configure:5805: checking for f77
configure:5835: result: no
configure:5805: checking for frt
configure:5835: result: no
configure:5805: checking for pgf77
configure:5835: result: no
configure:5805: checking for cf77
configure:5835: result: no
configure:5805: checking for fort77
configure:5835: result: no
configure:5805: checking for fl32
configure:5835: result: no
configure:5805: checking for af77
configure:5835: result: no
configure:5805: checking for xlf90
configure:5835: result: no
configure:5805: checking for f90
configure:5835: result: no
configure:5805: checking for pgf90
configure:5835: result: no
configure:5805: checking for pghpf
configure:5835: result: no
configure:5805: checking for epcf90
configure:5835: result: no
configure:5805: checking for gfortran
configure:5821: found /usr/bin/gfortran
configure:5832: result: gfortran
configure:5858: checking for Fortran 77 compiler version
configure:5867: gfortran --version >&5
GNU Fortran (Ubuntu/Linaro 4.7.3-1ubuntu1) 4.7.3
Copyright (C) 2012 Free Software Foundation, Inc.

GNU Fortran comes with NO WARRANTY, to the extent permitted by law.
You may redistribute copies of GNU Fortran
under the terms of the GNU General Public License.
For more information about these matters, see the file named COPYING

configure:5878: $? = 0
configure:5867: gfortran -v >&5
Using built-in specs.
COLLECT_GCC=gfortran
COLLECT_LTO_WRAPPER=/usr/lib/gcc/i686-linux-gnu/4.7/lto-wrapper
Target: i686-linux-gnu
Configured with: ../src/configure -v --with-pkgversion='Ubuntu/Linaro 4.7.3-1ubuntu1' --with-bugurl=file:///usr/share/doc/gcc-4.7/README.Bugs --enable-languages=c,c++,go,fortran,objc,obj-c++ --prefix=/usr --program-suffix=-4.7 --enable-shared --enable-linker-build-id --libexecdir=/usr/lib --without-included-gettext --enable-threads=posix --with-gxx-include-dir=/usr/include/c++/4.7 --libdir=/usr/lib --enable-nls --with-sysroot=/ --enable-clocale=gnu --enable-libstdcxx-debug --enable-libstdcxx-time=yes --enable-gnu-unique-object --enable-plugin --with-system-zlib --enable-objc-gc --enable-targets=all --with-cloog --enable-cloog-backend=ppl --disable-cloog-version-check --disable-ppl-version-check --enable-multiarch --disable-werror --with-arch-32=i686 --with-multilib-list=m32,m64,mx32 --with-tune=generic --enable-checking=release --build=i686-linux-gnu --host=i686-linux-gnu --target=i686-linux-gnu
Thread model: posix
gcc version 4.7.3 (Ubuntu/Linaro 4.7.3-1ubuntu1) 
configure:5878: $? = 0
configure:5867: gfortran -V >&5
gfortran: error: unrecognized command line option '-V'
gfortran: fatal error: no input files
compilation terminated.
configure:5878: $? = 4
configure:5867: gfortran -qversion >&5
gfortran: error: unrecognized command line option '-qversion'
gfortran: fatal error: no input files
compilation terminated.
configure:5878: $? = 4
configure:5887: checking whether we are using the GNU Fortran 77 compiler
configure:5900: gfortran -c  conftest.F >&5
configure:5900: $? = 0
configure:5909: result: yes
configure:5915: checking whether gfortran accepts -g
configure:5926: gfortran -c -g conftest.f >&5
configure:5926: $? = 0
configure:5934: result: yes
configure:5968: checking the maximum length of command line arguments
configure:6077: result: 32768
configure:6088: checking command to parse /usr/bin/nm -B output from gcc object
configure:6193: gcc -c -g -O2  conftest.c >&5
configure:6196: $? = 0
configure:6200: /usr/bin/nm -B conftest.o \| sed -n -e 's/^.*[ 	]\([ABCDGIRSTW][ABCDGIRSTW]*\)[ 	][ 	]*\([_A-Za-z][_A-Za-z0-9]*\)$/\1 \2 \2/p' \> conftest.nm
configure:6203: $? = 0
configure:6255: gcc -o conftest -g -O2   conftest.c conftstm.o >&5
configure:6258: $? = 0
configure:6296: result: ok
configure:6300: checking for objdir
configure:6315: result: .libs
configure:6407: checking for ar
configure:6423: found /usr/bin/ar
configure:6434: result: ar
configure:6499: checking for ranlib
configure:6515: found /usr/bin/ranlib
configure:6526: result: ranlib
configure:6591: checking for strip
configure:6607: found /usr/bin/strip
configure:6618: result: strip
configure:6900: checking if gcc supports -fno-rtti -fno-exceptions
configure:6918: gcc -c -g -O2  -fno-rtti -fno-exceptions conftest.c >&5
cc1: warning: command line option '-fno-rtti' is valid for C++/ObjC++ but not for C [enabled by default]
configure:6922: $? = 0
configure:6935: result: no
configure:6950: checking for gcc option to produce PIC
configure:7160: result: -fPIC
configure:7168: checking if gcc PIC flag -fPIC works
configure:7186: gcc -c -g -O2  -fPIC -DPIC conftest.c >&5
configure:7190: $? = 0
configure:7203: result: yes
configure:7231: checking if gcc static flag -static works
configure:7259: result: yes
configure:7269: checking if gcc supports -c -o file.o
configure:7290: gcc -c -g -O2  -o out/conftest2.o conftest.c >&5
configure:7294: $? = 0
configure:7316: result: yes
configure:7342: checking whether the gcc linker (/usr/bin/ld) supports shared libraries
configure:8242: result: yes
configure:8263: checking whether -lc should be explicitly linked in
configure:8268: gcc -c -g -O2  conftest.c >&5
configure:8271: $? = 0
configure:8286: gcc -shared conftest.o  -v -Wl,-soname -Wl,conftest -o conftest 2\>\&1 \| grep  -lc  \>/dev/null 2\>\&1
configure:8289: $? = 0
configure:8301: result: no
configure:8309: checking dynamic linker characteristics
configure:8897: result: GNU/Linux ld.so
configure:8906: checking how to hardcode library paths into programs
configure:8931: result: immediate
configure:8945: checking whether stripping libraries is possible
configure:8950: result: yes
configure:9466: checking if libtool supports shared libraries
configure:9468: result: yes
configure:9471: checking whether to build shared libraries
configure:9492: result: yes
configure:9495: checking whether to build static libraries
configure:9499: result: yes
configure:9591: creating libtool
configure:10175: checking for ld used by g++
configure:10242: result: /usr/bin/ld
configure:10249: checking if the linker (/usr/bin/ld) is GNU ld
configure:10264: result: yes
configure:10315: checking whether the g++ linker (/usr/bin/ld) supports shared libraries
configure:11195: result: yes
configure:11213: g++ -c -g -O2  conftest.cpp >&5
configure:11216: $? = 0
configure:11335: checking for g++ option to produce PIC
configure:11609: result: -fPIC
configure:11617: checking if g++ PIC flag -fPIC works
configure:11635: g++ -c -g -O2  -fPIC -DPIC conftest.cpp >&5
configure:11639: $? = 0
configure:11652: result: yes
configure:11680: checking if g++ static flag -static works
configure:11708: result: yes
configure:11718: checking if g++ supports -c -o file.o
configure:11739: g++ -c -g -O2  -o out/conftest2.o conftest.cpp >&5
configure:11743: $? = 0
configure:11765: result: yes
configure:11791: checking whether the g++ linker (/usr/bin/ld) supports shared libraries
configure:11816: result: yes
configure:11883: checking dynamic linker characteristics
configure:12471: result: GNU/Linux ld.so
configure:12480: checking how to hardcode library paths into programs
configure:12505: result: immediate
configure:13031: checking if libtool supports shared libraries
configure:13033: result: yes
configure:13036: checking whether to build shared libraries
configure:13056: result: yes
configure:13059: checking whether to build static libraries
configure:13063: result: yes
configure:13073: checking for gfortran option to produce PIC
configure:13283: result: -fPIC
configure:13291: checking if gfortran PIC flag -fPIC works
configure:13309: gfortran -c -g -O2 -fPIC conftest.f >&5
configure:13313: $? = 0
configure:13326: result: yes
configure:13354: checking if gfortran static flag -static works
configure:13382: result: yes
configure:13392: checking if gfortran supports -c -o file.o
configure:13413: gfortran -c -g -O2 -o out/conftest2.o conftest.f >&5
configure:13417: $? = 0
configure:13439: result: yes
configure:13465: checking whether the gfortran linker (/usr/bin/ld) supports shared libraries
configure:14353: result: yes
configure:14420: checking dynamic linker characteristics
configure:15008: result: GNU/Linux ld.so
configure:15017: checking how to hardcode library paths into programs
configure:15042: result: immediate
configure:18544: checking for main in -lm
configure:18563: gcc -o conftest -g -O2   conftest.c -lm   >&5
configure:18563: $? = 0
configure:18572: result: yes
configure:18608: checking for ANSI C header files
configure:18712: result: yes
configure:18723: checking float.h usability
configure:18723: gcc -c -g -O2  conftest.c >&5
configure:18723: $? = 0
configure:18723: result: yes
configure:18723: checking float.h presence
configure:18723: gcc -E  conftest.c
configure:18723: $? = 0
configure:18723: result: yes
configure:18723: checking for float.h
configure:18723: result: yes
configure:18723: checking limits.h usability
configure:18723: gcc -c -g -O2  conftest.c >&5
configure:18723: $? = 0
configure:18723: result: yes
configure:18723: checking limits.h presence
configure:18723: gcc -E  conftest.c
configure:18723: $? = 0
configure:18723: result: yes
configure:18723: checking for limits.h
configure:18723: result: yes
configure:18723: checking for memory.h
configure:18723: result: yes
configure:18723: checking netinet/in.h usability
configure:18723: gcc -c -g -O2  conftest.c >&5
configure:18723: $? = 0
configure:18723: result: yes
configure:18723: checking netinet/in.h presence
configure:18723: gcc -E  conftest.c
configure:18723: $? = 0
configure:18723: result: yes
configure:18723: checking for netinet/in.h
configure:18723: result: yes
configure:18723: checking for stdlib.h
configure:18723: result: yes
configure:18723: checking for string.h
configure:18723: result: yes
configure:18723: checking for unistd.h
configure:18723: result: yes
configure:18735: checking for stdbool.h that conforms to C99
configure:18802: gcc -c -g -O2  conftest.c >&5
configure:18802: $? = 0
configure:18809: result: yes
configure:18811: checking for _Bool
configure:18811: gcc -c -g -O2  conftest.c >&5
configure:18811: $? = 0
configure:18811: gcc -c -g -O2  conftest.c >&5
conftest.c: In function 'main':
conftest.c:67:20: error: expected expression before ')' token
configure:18811: $? = 1
configure: failed program was:
| /* confdefs.h */
| #define PACKAGE_NAME "libpsortb"
| #define PACKAGE_TARNAME "libpsortb"
| #define PACKAGE_VERSION "1.0"
| #define PACKAGE_STRING "libpsortb 1.0"
| #define PACKAGE_BUGREPORT "lairdm@sfu.ca"
| #define PACKAGE_URL ""
| #define PACKAGE "libpsortb"
| #define VERSION "1.0"
| #define STDC_HEADERS 1
| #define HAVE_SYS_TYPES_H 1
| #define HAVE_SYS_STAT_H 1
| #define HAVE_STDLIB_H 1
| #define HAVE_STRING_H 1
| #define HAVE_MEMORY_H 1
| #define HAVE_STRINGS_H 1
| #define HAVE_INTTYPES_H 1
| #define HAVE_STDINT_H 1
| #define HAVE_UNISTD_H 1
| #define HAVE_DLFCN_H 1
| #define HAVE_LIBM 1
| #define STDC_HEADERS 1
| #define HAVE_FLOAT_H 1
| #define HAVE_LIMITS_H 1
| #define HAVE_MEMORY_H 1
| #define HAVE_NETINET_IN_H 1
| #define HAVE_STDLIB_H 1
| #define HAVE_STRING_H 1
| #define HAVE_UNISTD_H 1
| /* end confdefs.h.  */
| #include <stdio.h>
| #ifdef HAVE_SYS_TYPES_H
| # include <sys/types.h>
| #endif
| #ifdef HAVE_SYS_STAT_H
| # include <sys/stat.h>
| #endif
| #ifdef STDC_HEADERS
| # include <stdlib.h>
| # include <stddef.h>
| #else
| # ifdef HAVE_STDLIB_H
| #  include <stdlib.h>
| # endif
| #endif
| #ifdef HAVE_STRING_H
| # if !defined STDC_HEADERS && defined HAVE_MEMORY_H
| #  include <memory.h>
| # endif
| # include <string.h>
| #endif
| #ifdef HAVE_STRINGS_H
| # include <strings.h>
| #endif
| #ifdef HAVE_INTTYPES_H
| # include <inttypes.h>
| #endif
| #ifdef HAVE_STDINT_H
| # include <stdint.h>
| #endif
| #ifdef HAVE_UNISTD_H
| # include <unistd.h>
| #endif
| int
| main ()
| {
| if (sizeof ((_Bool)))
| 	    return 0;
|   ;
|   return 0;
| }
configure:18811: result: yes
configure:18828: checking for an ANSI C-conforming const
configure:18894: gcc -c -g -O2  conftest.c >&5
configure:18894: $? = 0
configure:18901: result: yes
configure:18909: checking for inline
configure:18925: gcc -c -g -O2  conftest.c >&5
configure:18925: $? = 0
configure:18933: result: inline
configure:18951: checking for size_t
configure:18951: gcc -c -g -O2  conftest.c >&5
configure:18951: $? = 0
configure:18951: gcc -c -g -O2  conftest.c >&5
conftest.c: In function 'main':
conftest.c:69:21: error: expected expression before ')' token
configure:18951: $? = 1
configure: failed program was:
| /* confdefs.h */
| #define PACKAGE_NAME "libpsortb"
| #define PACKAGE_TARNAME "libpsortb"
| #define PACKAGE_VERSION "1.0"
| #define PACKAGE_STRING "libpsortb 1.0"
| #define PACKAGE_BUGREPORT "lairdm@sfu.ca"
| #define PACKAGE_URL ""
| #define PACKAGE "libpsortb"
| #define VERSION "1.0"
| #define STDC_HEADERS 1
| #define HAVE_SYS_TYPES_H 1
| #define HAVE_SYS_STAT_H 1
| #define HAVE_STDLIB_H 1
| #define HAVE_STRING_H 1
| #define HAVE_MEMORY_H 1
| #define HAVE_STRINGS_H 1
| #define HAVE_INTTYPES_H 1
| #define HAVE_STDINT_H 1
| #define HAVE_UNISTD_H 1
| #define HAVE_DLFCN_H 1
| #define HAVE_LIBM 1
| #define STDC_HEADERS 1
| #define HAVE_FLOAT_H 1
| #define HAVE_LIMITS_H 1
| #define HAVE_MEMORY_H 1
| #define HAVE_NETINET_IN_H 1
| #define HAVE_STDLIB_H 1
| #define HAVE_STRING_H 1
| #define HAVE_UNISTD_H 1
| #define HAVE__BOOL 1
| #define HAVE_STDBOOL_H 1
| /* end confdefs.h.  */
| #include <stdio.h>
| #ifdef HAVE_SYS_TYPES_H
| # include <sys/types.h>
| #endif
| #ifdef HAVE_SYS_STAT_H
| # include <sys/stat.h>
| #endif
| #ifdef STDC_HEADERS
| # include <stdlib.h>
| # include <stddef.h>
| #else
| # ifdef HAVE_STDLIB_H
| #  include <stdlib.h>
| # endif
| #endif
| #ifdef HAVE_STRING_H
| # if !defined STDC_HEADERS && defined HAVE_MEMORY_H
| #  include <memory.h>
| # endif
| # include <string.h>
| #endif
| #ifdef HAVE_STRINGS_H
| # include <strings.h>
| #endif
| #ifdef HAVE_INTTYPES_H
| # include <inttypes.h>
| #endif
| #ifdef HAVE_STDINT_H
| # include <stdint.h>
| #endif
| #ifdef HAVE_UNISTD_H
| # include <unistd.h>
| #endif
| int
| main ()
| {
| if (sizeof ((size_t)))
| 	    return 0;
|   ;
|   return 0;
| }
configure:18951: result: yes
configure:18962: checking whether time.h and sys/time.h may both be included
configure:18982: gcc -c -g -O2  conftest.c >&5
configure:18982: $? = 0
configure:18989: result: yes
configure:18997: checking whether struct tm is in sys/time.h or time.h
configure:19017: gcc -c -g -O2  conftest.c >&5
configure:19017: $? = 0
configure:19024: result: time.h
configure:19034: checking for _LARGEFILE_SOURCE value needed for large files
configure:19053: gcc -o conftest -g -O2   conftest.c -lm  >&5
configure:19053: $? = 0
configure:19081: result: no
configure:19104: checking for stdlib.h
configure:19104: result: yes
configure:19114: checking for GNU libc compatible malloc
configure:19138: gcc -o conftest -g -O2   conftest.c -lm  >&5
configure:19138: $? = 0
configure:19138: ./conftest
configure:19138: $? = 0
configure:19148: result: yes
configure:19171: checking for stdlib.h
configure:19171: result: yes
configure:19181: checking for GNU libc compatible realloc
configure:19205: gcc -o conftest -g -O2   conftest.c -lm  >&5
configure:19205: $? = 0
configure:19205: ./conftest
configure:19205: $? = 0
configure:19215: result: yes
configure:19236: checking whether lstat correctly handles trailing slash
configure:19262: gcc -o conftest -g -O2   conftest.c -lm  >&5
configure:19262: $? = 0
configure:19262: ./conftest
configure:19262: $? = 0
configure:19279: result: yes
configure:19298: checking whether stat accepts an empty string
configure:19318: gcc -o conftest -g -O2   conftest.c -lm  >&5
configure:19318: $? = 0
configure:19318: ./conftest
configure:19318: $? = 0
configure:19328: result: no
configure:19346: checking for strftime
configure:19346: gcc -o conftest -g -O2   conftest.c -lm  >&5
conftest.c:63:6: warning: conflicting types for built-in function 'strftime' [enabled by default]
configure:19346: $? = 0
configure:19346: result: yes
configure:19401: checking for vprintf
configure:19401: gcc -o conftest -g -O2   conftest.c -lm  >&5
conftest.c:64:6: warning: conflicting types for built-in function 'vprintf' [enabled by default]
configure:19401: $? = 0
configure:19401: result: yes
configure:19407: checking for _doprnt
configure:19407: gcc -o conftest -g -O2   conftest.c -lm  >&5
/tmp/cc7ttHIZ.o: In function `main':
/home/cmgfunc/ProtFun/ProtFun/bio-tools-psort-all/libpsortb-1.0/conftest.c:76: undefined reference to `_doprnt'
collect2: error: ld returned 1 exit status
configure:19407: $? = 1
configure: failed program was:
| /* confdefs.h */
| #define PACKAGE_NAME "libpsortb"
| #define PACKAGE_TARNAME "libpsortb"
| #define PACKAGE_VERSION "1.0"
| #define PACKAGE_STRING "libpsortb 1.0"
| #define PACKAGE_BUGREPORT "lairdm@sfu.ca"
| #define PACKAGE_URL ""
| #define PACKAGE "libpsortb"
| #define VERSION "1.0"
| #define STDC_HEADERS 1
| #define HAVE_SYS_TYPES_H 1
| #define HAVE_SYS_STAT_H 1
| #define HAVE_STDLIB_H 1
| #define HAVE_STRING_H 1
| #define HAVE_MEMORY_H 1
| #define HAVE_STRINGS_H 1
| #define HAVE_INTTYPES_H 1
| #define HAVE_STDINT_H 1
| #define HAVE_UNISTD_H 1
| #define HAVE_DLFCN_H 1
| #define HAVE_LIBM 1
| #define STDC_HEADERS 1
| #define HAVE_FLOAT_H 1
| #define HAVE_LIMITS_H 1
| #define HAVE_MEMORY_H 1
| #define HAVE_NETINET_IN_H 1
| #define HAVE_STDLIB_H 1
| #define HAVE_STRING_H 1
| #define HAVE_UNISTD_H 1
| #define HAVE__BOOL 1
| #define HAVE_STDBOOL_H 1
| #define TIME_WITH_SYS_TIME 1
| #define HAVE_FSEEKO 1
| #define HAVE_STDLIB_H 1
| #define HAVE_MALLOC 1
| #define HAVE_STDLIB_H 1
| #define HAVE_REALLOC 1
| #define LSTAT_FOLLOWS_SLASHED_SYMLINK 1
| #define HAVE_STRFTIME 1
| #define HAVE_VPRINTF 1
| /* end confdefs.h.  */
| /* Define _doprnt to an innocuous variant, in case <limits.h> declares _doprnt.
|    For example, HP-UX 11i <limits.h> declares gettimeofday.  */
| #define _doprnt innocuous__doprnt
| 
| /* System header to define __stub macros and hopefully few prototypes,
|     which can conflict with char _doprnt (); below.
|     Prefer <limits.h> to <assert.h> if __STDC__ is defined, since
|     <limits.h> exists even on freestanding compilers.  */
| 
| #ifdef __STDC__
| # include <limits.h>
| #else
| # include <assert.h>
| #endif
| 
| #undef _doprnt
| 
| /* Override any GCC internal prototype to avoid an error.
|    Use char because int might match the return type of a GCC
|    builtin and then its argument prototype would still apply.  */
| #ifdef __cplusplus
| extern "C"
| #endif
| char _doprnt ();
| /* The GNU C library defines this for functions which it implements
|     to always fail with ENOSYS.  Some functions are actually named
|     something starting with __ and the normal name is an alias.  */
| #if defined __stub__doprnt || defined __stub____doprnt
| choke me
| #endif
| 
| int
| main ()
| {
| return _doprnt ();
|   ;
|   return 0;
| }
configure:19407: result: no
configure:19418: checking for working strtod
configure:19459: gcc -o conftest -g -O2   conftest.c -lm  >&5
configure:19459: $? = 0
configure:19459: ./conftest
configure:19459: $? = 0
configure:19469: result: yes
configure:19534: checking for atexit
configure:19534: gcc -o conftest -g -O2   conftest.c -lm  >&5
configure:19534: $? = 0
configure:19534: result: yes
configure:19534: checking for floor
configure:19534: gcc -o conftest -g -O2   conftest.c -lm  >&5
conftest.c:66:6: warning: conflicting types for built-in function 'floor' [enabled by default]
configure:19534: $? = 0
configure:19534: result: yes
configure:19534: checking for memmove
configure:19534: gcc -o conftest -g -O2   conftest.c -lm  >&5
conftest.c:67:6: warning: conflicting types for built-in function 'memmove' [enabled by default]
configure:19534: $? = 0
configure:19534: result: yes
configure:19534: checking for memset
configure:19534: gcc -o conftest -g -O2   conftest.c -lm  >&5
conftest.c:68:6: warning: conflicting types for built-in function 'memset' [enabled by default]
configure:19534: $? = 0
configure:19534: result: yes
configure:19534: checking for pow
configure:19534: gcc -o conftest -g -O2   conftest.c -lm  >&5
conftest.c:69:6: warning: conflicting types for built-in function 'pow' [enabled by default]
configure:19534: $? = 0
configure:19534: result: yes
configure:19534: checking for sqrt
configure:19534: gcc -o conftest -g -O2   conftest.c -lm  >&5
conftest.c:70:6: warning: conflicting types for built-in function 'sqrt' [enabled by default]
configure:19534: $? = 0
configure:19534: result: yes
configure:19534: checking for strchr
configure:19534: gcc -o conftest -g -O2   conftest.c -lm  >&5
conftest.c:71:6: warning: conflicting types for built-in function 'strchr' [enabled by default]
configure:19534: $? = 0
configure:19534: result: yes
configure:19534: checking for strcspn
configure:19534: gcc -o conftest -g -O2   conftest.c -lm  >&5
conftest.c:72:6: warning: conflicting types for built-in function 'strcspn' [enabled by default]
configure:19534: $? = 0
configure:19534: result: yes
configure:19534: checking for strerror
configure:19534: gcc -o conftest -g -O2   conftest.c -lm  >&5
configure:19534: $? = 0
configure:19534: result: yes
configure:19534: checking for strpbrk
configure:19534: gcc -o conftest -g -O2   conftest.c -lm  >&5
conftest.c:74:6: warning: conflicting types for built-in function 'strpbrk' [enabled by default]
configure:19534: $? = 0
configure:19534: result: yes
configure:19534: checking for strrchr
configure:19534: gcc -o conftest -g -O2   conftest.c -lm  >&5
conftest.c:75:6: warning: conflicting types for built-in function 'strrchr' [enabled by default]
configure:19534: $? = 0
configure:19534: result: yes
configure:19534: checking for strspn
configure:19534: gcc -o conftest -g -O2   conftest.c -lm  >&5
conftest.c:76:6: warning: conflicting types for built-in function 'strspn' [enabled by default]
configure:19534: $? = 0
configure:19534: result: yes
configure:19534: checking for strstr
configure:19534: gcc -o conftest -g -O2   conftest.c -lm  >&5
conftest.c:77:6: warning: conflicting types for built-in function 'strstr' [enabled by default]
configure:19534: $? = 0
configure:19534: result: yes
configure:19534: checking for strtol
configure:19534: gcc -o conftest -g -O2   conftest.c -lm  >&5
configure:19534: $? = 0
configure:19534: result: yes
configure:19672: creating ./config.status

## ---------------- ##
## Cache variables. ##
## ---------------- ##

ac_cv_build=i686-pc-linux-gnu
ac_cv_c_compiler_gnu=yes
ac_cv_c_const=yes
ac_cv_c_inline=inline
ac_cv_cxx_compiler_gnu=yes
ac_cv_env_CCC_set=
ac_cv_env_CCC_value=
ac_cv_env_CC_set=
ac_cv_env_CC_value=
ac_cv_env_CFLAGS_set=
ac_cv_env_CFLAGS_value=
ac_cv_env_CPPFLAGS_set=
ac_cv_env_CPPFLAGS_value=
ac_cv_env_CPP_set=
ac_cv_env_CPP_value=
ac_cv_env_CXXCPP_set=
ac_cv_env_CXXCPP_value=
ac_cv_env_CXXFLAGS_set=
ac_cv_env_CXXFLAGS_value=
ac_cv_env_CXX_set=
ac_cv_env_CXX_value=
ac_cv_env_F77_set=
ac_cv_env_F77_value=
ac_cv_env_FFLAGS_set=
ac_cv_env_FFLAGS_value=
ac_cv_env_LDFLAGS_set=
ac_cv_env_LDFLAGS_value=
ac_cv_env_LIBS_set=
ac_cv_env_LIBS_value=
ac_cv_env_build_alias_set=
ac_cv_env_build_alias_value=
ac_cv_env_host_alias_set=
ac_cv_env_host_alias_value=
ac_cv_env_target_alias_set=
ac_cv_env_target_alias_value=
ac_cv_f77_compiler_gnu=yes
ac_cv_func__doprnt=no
ac_cv_func_atexit=yes
ac_cv_func_floor=yes
ac_cv_func_lstat_dereferences_slashed_symlink=yes
ac_cv_func_malloc_0_nonnull=yes
ac_cv_func_memmove=yes
ac_cv_func_memset=yes
ac_cv_func_pow=yes
ac_cv_func_realloc_0_nonnull=yes
ac_cv_func_sqrt=yes
ac_cv_func_stat_empty_string_bug=no
ac_cv_func_strchr=yes
ac_cv_func_strcspn=yes
ac_cv_func_strerror=yes
ac_cv_func_strftime=yes
ac_cv_func_strpbrk=yes
ac_cv_func_strrchr=yes
ac_cv_func_strspn=yes
ac_cv_func_strstr=yes
ac_cv_func_strtod=yes
ac_cv_func_strtol=yes
ac_cv_func_vprintf=yes
ac_cv_header_dlfcn_h=yes
ac_cv_header_float_h=yes
ac_cv_header_inttypes_h=yes
ac_cv_header_limits_h=yes
ac_cv_header_memory_h=yes
ac_cv_header_netinet_in_h=yes
ac_cv_header_stdbool_h=yes
ac_cv_header_stdc=yes
ac_cv_header_stdint_h=yes
ac_cv_header_stdlib_h=yes
ac_cv_header_string_h=yes
ac_cv_header_strings_h=yes
ac_cv_header_sys_stat_h=yes
ac_cv_header_sys_types_h=yes
ac_cv_header_time=yes
ac_cv_header_unistd_h=yes
ac_cv_host=i686-pc-linux-gnu
ac_cv_lib_m_main=yes
ac_cv_objext=o
ac_cv_path_EGREP='/bin/grep -E'
ac_cv_path_GREP=/bin/grep
ac_cv_path_install='/usr/bin/install -c'
ac_cv_prog_AWK=mawk
ac_cv_prog_CPP='gcc -E'
ac_cv_prog_CXXCPP='g++ -E'
ac_cv_prog_ac_ct_AR=ar
ac_cv_prog_ac_ct_CC=gcc
ac_cv_prog_ac_ct_CXX=g++
ac_cv_prog_ac_ct_F77=gfortran
ac_cv_prog_ac_ct_RANLIB=ranlib
ac_cv_prog_ac_ct_STRIP=strip
ac_cv_prog_cc_c89=
ac_cv_prog_cc_g=yes
ac_cv_prog_cxx_g=yes
ac_cv_prog_f77_g=yes
ac_cv_prog_make_make_set=yes
ac_cv_struct_tm=time.h
ac_cv_sys_largefile_source=no
ac_cv_type__Bool=yes
ac_cv_type_size_t=yes
am_cv_CC_dependencies_compiler_type=gcc3
am_cv_CXX_dependencies_compiler_type=gcc3
lt_cv_deplibs_check_method=pass_all
lt_cv_file_magic_cmd='$MAGIC_CMD'
lt_cv_file_magic_test_file=
lt_cv_ld_reload_flag=-r
lt_cv_objdir=.libs
lt_cv_path_LD=/usr/bin/ld
lt_cv_path_LDCXX=/usr/bin/ld
lt_cv_path_NM='/usr/bin/nm -B'
lt_cv_path_SED=/bin/sed
lt_cv_prog_compiler_c_o=yes
lt_cv_prog_compiler_c_o_CXX=yes
lt_cv_prog_compiler_c_o_F77=yes
lt_cv_prog_compiler_rtti_exceptions=no
lt_cv_prog_gnu_ld=yes
lt_cv_prog_gnu_ldcxx=yes
lt_cv_sys_global_symbol_pipe='sed -n -e '\''s/^.*[ 	]\([ABCDGIRSTW][ABCDGIRSTW]*\)[ 	][ 	]*\([_A-Za-z][_A-Za-z0-9]*\)$/\1 \2 \2/p'\'''
lt_cv_sys_global_symbol_to_c_name_address='sed -n -e '\''s/^: \([^ ]*\) $/  {\"\1\", (lt_ptr) 0},/p'\'' -e '\''s/^[BCDEGRST] \([^ ]*\) \([^ ]*\)$/  {"\2", (lt_ptr) \&\2},/p'\'''
lt_cv_sys_global_symbol_to_cdecl='sed -n -e '\''s/^. .* \(.*\)$/extern int \1;/p'\'''
lt_cv_sys_max_cmd_len=32768
lt_lt_cv_prog_compiler_c_o='"yes"'
lt_lt_cv_prog_compiler_c_o_CXX='"yes"'
lt_lt_cv_prog_compiler_c_o_F77='"yes"'
lt_lt_cv_sys_global_symbol_pipe='"sed -n -e '\''s/^.*[ 	]\\([ABCDGIRSTW][ABCDGIRSTW]*\\)[ 	][ 	]*\\([_A-Za-z][_A-Za-z0-9]*\\)\$/\\1 \\2 \\2/p'\''"'
lt_lt_cv_sys_global_symbol_to_c_name_address='"sed -n -e '\''s/^: \\([^ ]*\\) \$/  {\\\"\\1\\\", (lt_ptr) 0},/p'\'' -e '\''s/^[BCDEGRST] \\([^ ]*\\) \\([^ ]*\\)\$/  {\"\\2\", (lt_ptr) \\&\\2},/p'\''"'
lt_lt_cv_sys_global_symbol_to_cdecl='"sed -n -e '\''s/^. .* \\(.*\\)\$/extern int \\1;/p'\''"'

## ----------------- ##
## Output variables. ##
## ----------------- ##

ACLOCAL='${SHELL} /home/cmgfunc/ProtFun/ProtFun/bio-tools-psort-all/libpsortb-1.0/missing --run aclocal-1.9'
AMDEPBACKSLASH='\'
AMDEP_FALSE='#'
AMDEP_TRUE=''
AMTAR='${SHELL} /home/cmgfunc/ProtFun/ProtFun/bio-tools-psort-all/libpsortb-1.0/missing --run tar'
AR='ar'
AUTOCONF='${SHELL} /home/cmgfunc/ProtFun/ProtFun/bio-tools-psort-all/libpsortb-1.0/missing --run autoconf'
AUTOHEADER='${SHELL} /home/cmgfunc/ProtFun/ProtFun/bio-tools-psort-all/libpsortb-1.0/missing --run autoheader'
AUTOMAKE='${SHELL} /home/cmgfunc/ProtFun/ProtFun/bio-tools-psort-all/libpsortb-1.0/missing --run automake-1.9'
AWK='mawk'
CC='gcc'
CCDEPMODE='depmode=gcc3'
CFLAGS='-g -O2'
CPP='gcc -E'
CPPFLAGS=''
CXX='g++'
CXXCPP='g++ -E'
CXXDEPMODE='depmode=gcc3'
CXXFLAGS='-g -O2'
CYGPATH_W='echo'
DEFS='-DHAVE_CONFIG_H'
DEPDIR='.deps'
ECHO='echo'
ECHO_C=''
ECHO_N='-n'
ECHO_T=''
EGREP='/bin/grep -E'
EXEEXT=''
F77='gfortran'
FFLAGS='-g -O2'
GREP='/bin/grep'
INSTALL_DATA='${INSTALL} -m 644'
INSTALL_PROGRAM='${INSTALL}'
INSTALL_SCRIPT='${INSTALL}'
INSTALL_STRIP_PROGRAM='${SHELL} $(install_sh) -c -s'
LDFLAGS=''
LIBOBJS=''
LIBS='-lm '
LIBTOOL='$(SHELL) $(top_builddir)/libtool'
LIBnn='lib'
LN_S='ln -s'
LTLIBOBJS=''
MAKEINFO='${SHELL} /home/cmgfunc/ProtFun/ProtFun/bio-tools-psort-all/libpsortb-1.0/missing --run makeinfo'
OBJEXT='o'
PACKAGE='libpsortb'
PACKAGE_BUGREPORT='lairdm@sfu.ca'
PACKAGE_NAME='libpsortb'
PACKAGE_STRING='libpsortb 1.0'
PACKAGE_TARNAME='libpsortb'
PACKAGE_URL=''
PACKAGE_VERSION='1.0'
PATH_SEPARATOR=':'
POW_LIB=''
RANLIB='ranlib'
SET_MAKE=''
SHELL='/bin/bash'
STRIP='strip'
VERSION='1.0'
ac_ct_CC='gcc'
ac_ct_CXX='g++'
ac_ct_F77='gfortran'
am__fastdepCC_FALSE='#'
am__fastdepCC_TRUE=''
am__fastdepCXX_FALSE='#'
am__fastdepCXX_TRUE=''
am__include='include'
am__leading_dot='.'
am__quote=''
am__tar='${AMTAR} chof - "$$tardir"'
am__untar='${AMTAR} xf -'
bindir='${exec_prefix}/bin'
build='i686-pc-linux-gnu'
build_alias=''
build_cpu='i686'
build_os='linux-gnu'
build_vendor='pc'
datadir='${datarootdir}'
datarootdir='${prefix}/share'
docdir='${datarootdir}/doc/${PACKAGE_TARNAME}'
dvidir='${docdir}'
exec_prefix='${prefix}'
host='i686-pc-linux-gnu'
host_alias=''
host_cpu='i686'
host_os='linux-gnu'
host_vendor='pc'
htmldir='${docdir}'
includedir='${prefix}/include'
infodir='${datarootdir}/info'
install_sh='/home/cmgfunc/ProtFun/ProtFun/bio-tools-psort-all/libpsortb-1.0/install-sh'
libdir='${exec_prefix}/${LIBnn}'
libexecdir='${exec_prefix}/libexec'
localedir='${datarootdir}/locale'
localstatedir='${prefix}/var'
mandir='${datarootdir}/man'
mkdir_p='mkdir -p --'
oldincludedir='/usr/include'
pdfdir='${docdir}'
prefix='/usr/local'
program_transform_name='s,x,x,'
psdir='${docdir}'
sbindir='${exec_prefix}/sbin'
sharedstatedir='${prefix}/com'
sysconfdir='${prefix}/etc'
target_alias=''

## ----------- ##
## confdefs.h. ##
## ----------- ##

/* confdefs.h */
#define PACKAGE_NAME "libpsortb"
#define PACKAGE_TARNAME "libpsortb"
#define PACKAGE_VERSION "1.0"
#define PACKAGE_STRING "libpsortb 1.0"
#define PACKAGE_BUGREPORT "lairdm@sfu.ca"
#define PACKAGE_URL ""
#define PACKAGE "libpsortb"
#define VERSION "1.0"
#define STDC_HEADERS 1
#define HAVE_SYS_TYPES_H 1
#define HAVE_SYS_STAT_H 1
#define HAVE_STDLIB_H 1
#define HAVE_STRING_H 1
#define HAVE_MEMORY_H 1
#define HAVE_STRINGS_H 1
#define HAVE_INTTYPES_H 1
#define HAVE_STDINT_H 1
#define HAVE_UNISTD_H 1
#define HAVE_DLFCN_H 1
#define HAVE_LIBM 1
#define STDC_HEADERS 1
#define HAVE_FLOAT_H 1
#define HAVE_LIMITS_H 1
#define HAVE_MEMORY_H 1
#define HAVE_NETINET_IN_H 1
#define HAVE_STDLIB_H 1
#define HAVE_STRING_H 1
#define HAVE_UNISTD_H 1
#define HAVE__BOOL 1
#define HAVE_STDBOOL_H 1
#define TIME_WITH_SYS_TIME 1
#define HAVE_FSEEKO 1
#define HAVE_STDLIB_H 1
#define HAVE_MALLOC 1
#define HAVE_STDLIB_H 1
#define HAVE_REALLOC 1
#define LSTAT_FOLLOWS_SLASHED_SYMLINK 1
#define HAVE_STRFTIME 1
#define HAVE_VPRINTF 1
#define HAVE_ATEXIT 1
#define HAVE_FLOOR 1
#define HAVE_MEMMOVE 1
#define HAVE_MEMSET 1
#define HAVE_POW 1
#define HAVE_SQRT 1
#define HAVE_STRCHR 1
#define HAVE_STRCSPN 1
#define HAVE_STRERROR 1
#define HAVE_STRPBRK 1
#define HAVE_STRRCHR 1
#define HAVE_STRSPN 1
#define HAVE_STRSTR 1
#define HAVE_STRTOL 1

configure: exit 0

## ---------------------- ##
## Running config.status. ##
## ---------------------- ##

This file was extended by libpsortb config.status 1.0, which was
generated by GNU Autoconf 2.69.  Invocation command line was

  CONFIG_FILES    = 
  CONFIG_HEADERS  = 
  CONFIG_LINKS    = 
  CONFIG_COMMANDS = 
  $ ./config.status 

on cmgfunc-VirtualBox

config.status:907: creating Makefile
config.status:907: creating hmmer/Makefile
config.status:907: creating squid/Makefile
config.status:907: creating svmloc/Makefile
config.status:907: creating modhmm0.92b/Makefile
config.status:907: creating include/Makefile
config.status:907: creating config.h
config.status:1082: config.h is unchanged
config.status:1129: executing depfiles commands

## ---------------------- ##
## Running config.status. ##
## ---------------------- ##

This file was extended by libpsortb config.status 1.0, which was
generated by GNU Autoconf 2.69.  Invocation command line was

  CONFIG_FILES    = 
  CONFIG_HEADERS  = 
  CONFIG_LINKS    = 
  CONFIG_COMMANDS = 
  $ ./config.status config.h

on cmgfunc-VirtualBox

config.status:907: creating config.h
config.status:1082: config.h is unchanged
